This file contains any messages produced by compilers while
running configure, to aid debugging if configure makes a mistake.

It was created by QuickNet configure v3_31, which was
generated by GNU Autoconf 2.68.  Invocation command line was

  $ ./configure --enable-shared

## --------- ##
## Platform. ##
## --------- ##

hostname = serlx27
uname -m = x86_64
uname -r = 2.6.32-5-amd64
uname -s = Linux
uname -v = #1 SMP Mon Oct 3 03:59:20 UTC 2011

/usr/bin/uname -p = unknown
/bin/uname -X     = unknown

/bin/arch              = unknown
/usr/bin/arch -k       = unknown
/usr/convex/getsysinfo = unknown
/usr/bin/hostinfo      = unknown
/bin/machine           = unknown
/usr/bin/oslevel       = unknown
/bin/universe          = unknown

PATH: /usr/local/bin
PATH: /usr/bin
PATH: /bin
PATH: /usr/local/games
PATH: /usr/games
PATH: /scratch/tjurgens/htkLINUX


## ----------- ##
## Core tests. ##
## ----------- ##

configure:2680: checking build system type
configure:2694: result: x86_64-unknown-linux-gnu
configure:2714: checking host system type
configure:2727: result: x86_64-unknown-linux-gnu
configure:2747: checking target system type
configure:2760: result: x86_64-unknown-linux-gnu
configure:2922: checking for gcc
configure:2938: found /usr/bin/gcc
configure:2949: result: gcc
configure:3178: checking for C compiler version
configure:3187: gcc --version >&5
gcc (Debian 4.4.5-8) 4.4.5
Copyright (C) 2010 Free Software Foundation, Inc.
This is free software; see the source for copying conditions.  There is NO
warranty; not even for MERCHANTABILITY or FITNESS FOR A PARTICULAR PURPOSE.

configure:3198: $? = 0
configure:3187: gcc -v >&5
Using built-in specs.
Target: x86_64-linux-gnu
Configured with: ../src/configure -v --with-pkgversion='Debian 4.4.5-8' --with-bugurl=file:///usr/share/doc/gcc-4.4/README.Bugs --enable-languages=c,c++,fortran,objc,obj-c++ --prefix=/usr --program-suffix=-4.4 --enable-shared --enable-multiarch --enable-linker-build-id --with-system-zlib --libexecdir=/usr/lib --without-included-gettext --enable-threads=posix --with-gxx-include-dir=/usr/include/c++/4.4 --libdir=/usr/lib --enable-nls --enable-clocale=gnu --enable-libstdcxx-debug --enable-objc-gc --with-arch-32=i586 --with-tune=generic --enable-checking=release --build=x86_64-linux-gnu --host=x86_64-linux-gnu --target=x86_64-linux-gnu
Thread model: posix
gcc version 4.4.5 (Debian 4.4.5-8) 
configure:3198: $? = 0
configure:3187: gcc -V >&5
gcc: '-V' option must have argument
configure:3198: $? = 1
configure:3187: gcc -qversion >&5
gcc: unrecognized option '-qversion'
gcc: no input files
configure:3198: $? = 1
configure:3218: checking whether the C compiler works
configure:3240: gcc    conftest.c  >&5
configure:3244: $? = 0
configure:3292: result: yes
configure:3295: checking for C compiler default output file name
configure:3297: result: a.out
configure:3303: checking for suffix of executables
configure:3310: gcc -o conftest    conftest.c  >&5
configure:3314: $? = 0
configure:3336: result: 
configure:3358: checking whether we are cross compiling
configure:3366: gcc -o conftest    conftest.c  >&5
configure:3370: $? = 0
configure:3377: ./conftest
configure:3381: $? = 0
configure:3396: result: no
configure:3401: checking for suffix of object files
configure:3423: gcc -c   conftest.c >&5
configure:3427: $? = 0
configure:3448: result: o
configure:3452: checking whether we are using the GNU C compiler
configure:3471: gcc -c   conftest.c >&5
configure:3471: $? = 0
configure:3480: result: yes
configure:3489: checking whether gcc accepts -g
configure:3509: gcc -c -g  conftest.c >&5
configure:3509: $? = 0
configure:3550: result: yes
configure:3567: checking for gcc option to accept ISO C89
configure:3631: gcc  -c -g -O2  conftest.c >&5
configure:3631: $? = 0
configure:3644: result: none needed
configure:3722: checking for g++
configure:3738: found /usr/bin/g++
configure:3749: result: g++
configure:3776: checking for C++ compiler version
configure:3785: g++ --version >&5
g++ (Debian 4.4.5-8) 4.4.5
Copyright (C) 2010 Free Software Foundation, Inc.
This is free software; see the source for copying conditions.  There is NO
warranty; not even for MERCHANTABILITY or FITNESS FOR A PARTICULAR PURPOSE.

configure:3796: $? = 0
configure:3785: g++ -v >&5
Using built-in specs.
Target: x86_64-linux-gnu
Configured with: ../src/configure -v --with-pkgversion='Debian 4.4.5-8' --with-bugurl=file:///usr/share/doc/gcc-4.4/README.Bugs --enable-languages=c,c++,fortran,objc,obj-c++ --prefix=/usr --program-suffix=-4.4 --enable-shared --enable-multiarch --enable-linker-build-id --with-system-zlib --libexecdir=/usr/lib --without-included-gettext --enable-threads=posix --with-gxx-include-dir=/usr/include/c++/4.4 --libdir=/usr/lib --enable-nls --enable-clocale=gnu --enable-libstdcxx-debug --enable-objc-gc --with-arch-32=i586 --with-tune=generic --enable-checking=release --build=x86_64-linux-gnu --host=x86_64-linux-gnu --target=x86_64-linux-gnu
Thread model: posix
gcc version 4.4.5 (Debian 4.4.5-8) 
configure:3796: $? = 0
configure:3785: g++ -V >&5
g++: '-V' option must have argument
configure:3796: $? = 1
configure:3785: g++ -qversion >&5
g++: unrecognized option '-qversion'
g++: no input files
configure:3796: $? = 1
configure:3800: checking whether we are using the GNU C++ compiler
configure:3819: g++ -c   conftest.cpp >&5
configure:3819: $? = 0
configure:3828: result: yes
configure:3837: checking whether g++ accepts -g
configure:3857: g++ -c -g  conftest.cpp >&5
configure:3857: $? = 0
configure:3898: result: yes
configure:3935: checking for a BSD-compatible install
configure:4003: result: /usr/bin/install -c
configure:4057: checking for ranlib
configure:4073: found /usr/bin/ranlib
configure:4084: result: ranlib
configure:4109: checking for nvcc
configure:4139: result: no
configure:4298: checking for ld used by GCC
configure:4361: result: ${CXX}
configure:4368: checking if the linker (${CXX}) is GNU ld
configure:4380: result: no
configure:4385: checking for ${CXX} option to reload object files
configure:4392: result: -r
configure:4397: checking for BSD-compatible nm
configure:4433: result: /usr/bin/nm -B
configure:4436: checking for a sed that does not truncate output
configure:4518: result: /bin/sed
configure:4521: checking whether ln -s works
configure:4525: result: yes
configure:4532: checking how to recognise dependent libraries
configure:4713: result: pass_all
configure:4726: checking command to parse /usr/bin/nm -B output
configure:4810: gcc -c -g -O2  conftest.c >&5
configure:4813: $? = 0
configure:4817: /usr/bin/nm -B conftest.o \| sed -n -e 's/^.*[ 	]\([ABCDGISTW][ABCDGISTW]*\)[ 	][ 	]*\(\)\([_A-Za-z][_A-Za-z0-9]*\)$/\1 \2\3 \3/p' \> conftest.nm
configure:4820: $? = 0
configure:4872: gcc -o conftest -g -O2   conftest.c conftstm.o >&5
configure:4875: $? = 0
configure:4919: result: ok
configure:4928: checking how to run the C preprocessor
configure:4959: gcc -E  conftest.c
configure:4959: $? = 0
configure:4973: gcc -E  conftest.c
conftest.c:9:28: error: ac_nonexistent.h: No such file or directory
configure:4973: $? = 1
configure: failed program was:
| /* confdefs.h */
| #define PACKAGE_NAME "QuickNet"
| #define PACKAGE_TARNAME "quicknet"
| #define PACKAGE_VERSION "v3_31"
| #define PACKAGE_STRING "QuickNet v3_31"
| #define PACKAGE_BUGREPORT "quicknet-bugs@ICSI.Berkeley.EDU"
| #define PACKAGE_URL ""
| /* end confdefs.h.  */
| #include <ac_nonexistent.h>
configure:4998: result: gcc -E
configure:5018: gcc -E  conftest.c
configure:5018: $? = 0
configure:5032: gcc -E  conftest.c
conftest.c:9:28: error: ac_nonexistent.h: No such file or directory
configure:5032: $? = 1
configure: failed program was:
| /* confdefs.h */
| #define PACKAGE_NAME "QuickNet"
| #define PACKAGE_TARNAME "quicknet"
| #define PACKAGE_VERSION "v3_31"
| #define PACKAGE_STRING "QuickNet v3_31"
| #define PACKAGE_BUGREPORT "quicknet-bugs@ICSI.Berkeley.EDU"
| #define PACKAGE_URL ""
| /* end confdefs.h.  */
| #include <ac_nonexistent.h>
configure:5061: checking for grep that handles long lines and -e
configure:5119: result: /bin/grep
configure:5124: checking for egrep
configure:5186: result: /bin/grep -E
configure:5191: checking for ANSI C header files
configure:5211: gcc -c -g -O2  conftest.c >&5
configure:5211: $? = 0
configure:5284: gcc -o conftest -g -O2   conftest.c  >&5
configure:5284: $? = 0
configure:5284: ./conftest
configure:5284: $? = 0
configure:5295: result: yes
configure:5308: checking for sys/types.h
configure:5308: gcc -c -g -O2  conftest.c >&5
configure:5308: $? = 0
configure:5308: result: yes
configure:5308: checking for sys/stat.h
configure:5308: gcc -c -g -O2  conftest.c >&5
configure:5308: $? = 0
configure:5308: result: yes
configure:5308: checking for stdlib.h
configure:5308: gcc -c -g -O2  conftest.c >&5
configure:5308: $? = 0
configure:5308: result: yes
configure:5308: checking for string.h
configure:5308: gcc -c -g -O2  conftest.c >&5
configure:5308: $? = 0
configure:5308: result: yes
configure:5308: checking for memory.h
configure:5308: gcc -c -g -O2  conftest.c >&5
configure:5308: $? = 0
configure:5308: result: yes
configure:5308: checking for strings.h
configure:5308: gcc -c -g -O2  conftest.c >&5
configure:5308: $? = 0
configure:5308: result: yes
configure:5308: checking for inttypes.h
configure:5308: gcc -c -g -O2  conftest.c >&5
configure:5308: $? = 0
configure:5308: result: yes
configure:5308: checking for stdint.h
configure:5308: gcc -c -g -O2  conftest.c >&5
configure:5308: $? = 0
configure:5308: result: yes
configure:5308: checking for unistd.h
configure:5308: gcc -c -g -O2  conftest.c >&5
configure:5308: $? = 0
configure:5308: result: yes
configure:5322: checking dlfcn.h usability
configure:5322: gcc -c -g -O2  conftest.c >&5
configure:5322: $? = 0
configure:5322: result: yes
configure:5322: checking dlfcn.h presence
configure:5322: gcc -E  conftest.c
configure:5322: $? = 0
configure:5322: result: yes
configure:5322: checking for dlfcn.h
configure:5322: result: yes
configure:5519: checking for ranlib
configure:5546: result: ranlib
configure:5611: checking for strip
configure:5627: found /usr/bin/strip
configure:5638: result: strip
configure:5841: checking for objdir
configure:5852: result: .libs
configure:5873: checking for gcc option to produce PIC
configure:6019: result: -fPIC
configure:6023: checking if gcc PIC flag -fPIC works
configure:6041: gcc -c -g -O2 -fPIC -DPIC  conftest.c >&5
configure:6041: $? = 0
configure:6075: result: yes
configure:6095: checking if gcc static flag -static works
configure:6114: gcc -o conftest -g -O2   -static conftest.c  >&5
configure:6114: $? = 0
configure:6126: result: yes
configure:6142: checking if gcc supports -c -o file.o
configure:6162: gcc -c -g -O2 -o out/conftest2.o  conftest.c >&5
configure:6186: result: yes
configure:6191: checking if gcc supports -c -o file.lo
configure:6213: gcc -c -g -O2 -c -o conftest.lo  conftest.c >&5
configure:6213: $? = 0
configure:6230: result: yes
configure:6269: checking if gcc supports -fno-rtti -fno-exceptions
configure:6286: gcc -c -g -O2 -fno-rtti -fno-exceptions -c conftest.c  conftest.c >&5
cc1: warning: command line option "-fno-rtti" is valid for C++/ObjC++ but not for C
cc1: warning: command line option "-fno-rtti" is valid for C++/ObjC++ but not for C
configure:6286: $? = 0
configure:6298: result: no
configure:6313: checking whether the linker (${CXX}) supports shared libraries
configure:7008: result: no
configure:7017: checking how to hardcode library paths into programs
configure:7041: result: unsupported
configure:7050: checking whether stripping libraries is possible
configure:7055: result: yes
configure:7070: checking dynamic linker characteristics
configure:7331: gcc -c -g -O2  conftest.c >&5
configure:7334: $? = 0
configure:7501: result: GNU/Linux ld.so
configure:7510: checking if libtool supports shared libraries
configure:7512: result: no
configure:7519: checking whether to build shared libraries
configure:7540: result: no
configure:7547: checking whether to build static libraries
configure:7551: result: yes
configure:8643: checking for sqrt in -lm
configure:8668: gcc -o conftest -g -O2   conftest.c -lm   >&5
conftest.c:27: warning: conflicting types for built-in function 'sqrt'
configure:8668: $? = 0
configure:8677: result: yes
configure:8691: checking for standard_arithmetic in -lsunmath
configure:8716: gcc -o conftest -g -O2   conftest.c -lsunmath  -lm  >&5
/usr/bin/ld: cannot find -lsunmath
collect2: ld returned 1 exit status
configure:8716: $? = 1
configure: failed program was:
| /* confdefs.h */
| #define PACKAGE_NAME "QuickNet"
| #define PACKAGE_TARNAME "quicknet"
| #define PACKAGE_VERSION "v3_31"
| #define PACKAGE_STRING "QuickNet v3_31"
| #define PACKAGE_BUGREPORT "quicknet-bugs@ICSI.Berkeley.EDU"
| #define PACKAGE_URL ""
| #define STDC_HEADERS 1
| #define HAVE_SYS_TYPES_H 1
| #define HAVE_SYS_STAT_H 1
| #define HAVE_STDLIB_H 1
| #define HAVE_STRING_H 1
| #define HAVE_MEMORY_H 1
| #define HAVE_STRINGS_H 1
| #define HAVE_INTTYPES_H 1
| #define HAVE_STDINT_H 1
| #define HAVE_UNISTD_H 1
| #define HAVE_DLFCN_H 1
| #define HAVE_LIBM 1
| /* end confdefs.h.  */
| 
| /* Override any GCC internal prototype to avoid an error.
|    Use char because int might match the return type of a GCC
|    builtin and then its argument prototype would still apply.  */
| #ifdef __cplusplus
| extern "C"
| #endif
| char standard_arithmetic ();
| int
| main ()
| {
| return standard_arithmetic ();
|   ;
|   return 0;
| }
configure:8725: result: no
configure:8739: checking for pthread_create in -lpthread
configure:8764: gcc -o conftest -g -O2   conftest.c -lpthread  -lm  >&5
configure:8764: $? = 0
configure:8773: result: yes
configure:8805: checking for pkg-config
configure:8836: result: no
configure:8902: checking for rtst_exit in -lrtst
configure:8927: gcc -o conftest -g -O2    conftest.c -lrtst  -lpthread -lm   >&5
/usr/bin/ld: cannot find -lrtst
collect2: ld returned 1 exit status
configure:8927: $? = 1
configure: failed program was:
| /* confdefs.h */
| #define PACKAGE_NAME "QuickNet"
| #define PACKAGE_TARNAME "quicknet"
| #define PACKAGE_VERSION "v3_31"
| #define PACKAGE_STRING "QuickNet v3_31"
| #define PACKAGE_BUGREPORT "quicknet-bugs@ICSI.Berkeley.EDU"
| #define PACKAGE_URL ""
| #define STDC_HEADERS 1
| #define HAVE_SYS_TYPES_H 1
| #define HAVE_SYS_STAT_H 1
| #define HAVE_STDLIB_H 1
| #define HAVE_STRING_H 1
| #define HAVE_MEMORY_H 1
| #define HAVE_STRINGS_H 1
| #define HAVE_INTTYPES_H 1
| #define HAVE_STDINT_H 1
| #define HAVE_UNISTD_H 1
| #define HAVE_DLFCN_H 1
| #define HAVE_LIBM 1
| #define HAVE_LIBPTHREAD 1
| /* end confdefs.h.  */
| 
| /* Override any GCC internal prototype to avoid an error.
|    Use char because int might match the return type of a GCC
|    builtin and then its argument prototype would still apply.  */
| #ifdef __cplusplus
| extern "C"
| #endif
| char rtst_exit ();
| int
| main ()
| {
| return rtst_exit ();
|   ;
|   return 0;
| }
configure:8936: result: no
configure:9888: checking for quicknet_testdata dir
configure:9894: result: not found
configure:9899: checking for ANSI C header files
configure:10003: result: yes
configure:10014: checking fcntl.h usability
configure:10014: gcc -c -g -O2  conftest.c >&5
configure:10014: $? = 0
configure:10014: result: yes
configure:10014: checking fcntl.h presence
configure:10014: gcc -E  conftest.c
configure:10014: $? = 0
configure:10014: result: yes
configure:10014: checking for fcntl.h
configure:10014: result: yes
configure:10014: checking limits.h usability
configure:10014: gcc -c -g -O2  conftest.c >&5
configure:10014: $? = 0
configure:10014: result: yes
configure:10014: checking limits.h presence
configure:10014: gcc -E  conftest.c
configure:10014: $? = 0
configure:10014: result: yes
configure:10014: checking for limits.h
configure:10014: result: yes
configure:10014: checking float.h usability
configure:10014: gcc -c -g -O2  conftest.c >&5
configure:10014: $? = 0
configure:10014: result: yes
configure:10014: checking float.h presence
configure:10014: gcc -E  conftest.c
configure:10014: $? = 0
configure:10014: result: yes
configure:10014: checking for float.h
configure:10014: result: yes
configure:10014: checking errno.h usability
configure:10014: gcc -c -g -O2  conftest.c >&5
configure:10014: $? = 0
configure:10014: result: yes
configure:10014: checking errno.h presence
configure:10014: gcc -E  conftest.c
configure:10014: $? = 0
configure:10014: result: yes
configure:10014: checking for errno.h
configure:10014: result: yes
configure:10014: checking sys/time.h usability
configure:10014: gcc -c -g -O2  conftest.c >&5
configure:10014: $? = 0
configure:10014: result: yes
configure:10014: checking sys/time.h presence
configure:10014: gcc -E  conftest.c
configure:10014: $? = 0
configure:10014: result: yes
configure:10014: checking for sys/time.h
configure:10014: result: yes
configure:10014: checking sys/param.h usability
configure:10014: gcc -c -g -O2  conftest.c >&5
configure:10014: $? = 0
configure:10014: result: yes
configure:10014: checking sys/param.h presence
configure:10014: gcc -E  conftest.c
configure:10014: $? = 0
configure:10014: result: yes
configure:10014: checking for sys/param.h
configure:10014: result: yes
configure:10014: checking for sys/stat.h
configure:10014: result: yes
configure:10014: checking sunmath.h usability
configure:10014: gcc -c -g -O2  conftest.c >&5
conftest.c:63:21: error: sunmath.h: No such file or directory
configure:10014: $? = 1
configure: failed program was:
| /* confdefs.h */
| #define PACKAGE_NAME "QuickNet"
| #define PACKAGE_TARNAME "quicknet"
| #define PACKAGE_VERSION "v3_31"
| #define PACKAGE_STRING "QuickNet v3_31"
| #define PACKAGE_BUGREPORT "quicknet-bugs@ICSI.Berkeley.EDU"
| #define PACKAGE_URL ""
| #define STDC_HEADERS 1
| #define HAVE_SYS_TYPES_H 1
| #define HAVE_SYS_STAT_H 1
| #define HAVE_STDLIB_H 1
| #define HAVE_STRING_H 1
| #define HAVE_MEMORY_H 1
| #define HAVE_STRINGS_H 1
| #define HAVE_INTTYPES_H 1
| #define HAVE_STDINT_H 1
| #define HAVE_UNISTD_H 1
| #define HAVE_DLFCN_H 1
| #define HAVE_LIBM 1
| #define HAVE_LIBPTHREAD 1
| #define STDC_HEADERS 1
| #define HAVE_FCNTL_H 1
| #define HAVE_LIMITS_H 1
| #define HAVE_FLOAT_H 1
| #define HAVE_ERRNO_H 1
| #define HAVE_SYS_TIME_H 1
| #define HAVE_SYS_PARAM_H 1
| #define HAVE_SYS_STAT_H 1
| /* end confdefs.h.  */
| #include <stdio.h>
| #ifdef HAVE_SYS_TYPES_H
| # include <sys/types.h>
| #endif
| #ifdef HAVE_SYS_STAT_H
| # include <sys/stat.h>
| #endif
| #ifdef STDC_HEADERS
| # include <stdlib.h>
| # include <stddef.h>
| #else
| # ifdef HAVE_STDLIB_H
| #  include <stdlib.h>
| # endif
| #endif
| #ifdef HAVE_STRING_H
| # if !defined STDC_HEADERS && defined HAVE_MEMORY_H
| #  include <memory.h>
| # endif
| # include <string.h>
| #endif
| #ifdef HAVE_STRINGS_H
| # include <strings.h>
| #endif
| #ifdef HAVE_INTTYPES_H
| # include <inttypes.h>
| #endif
| #ifdef HAVE_STDINT_H
| # include <stdint.h>
| #endif
| #ifdef HAVE_UNISTD_H
| # include <unistd.h>
| #endif
| #include <sunmath.h>
configure:10014: result: no
configure:10014: checking sunmath.h presence
configure:10014: gcc -E  conftest.c
conftest.c:30:21: error: sunmath.h: No such file or directory
configure:10014: $? = 1
configure: failed program was:
| /* confdefs.h */
| #define PACKAGE_NAME "QuickNet"
| #define PACKAGE_TARNAME "quicknet"
| #define PACKAGE_VERSION "v3_31"
| #define PACKAGE_STRING "QuickNet v3_31"
| #define PACKAGE_BUGREPORT "quicknet-bugs@ICSI.Berkeley.EDU"
| #define PACKAGE_URL ""
| #define STDC_HEADERS 1
| #define HAVE_SYS_TYPES_H 1
| #define HAVE_SYS_STAT_H 1
| #define HAVE_STDLIB_H 1
| #define HAVE_STRING_H 1
| #define HAVE_MEMORY_H 1
| #define HAVE_STRINGS_H 1
| #define HAVE_INTTYPES_H 1
| #define HAVE_STDINT_H 1
| #define HAVE_UNISTD_H 1
| #define HAVE_DLFCN_H 1
| #define HAVE_LIBM 1
| #define HAVE_LIBPTHREAD 1
| #define STDC_HEADERS 1
| #define HAVE_FCNTL_H 1
| #define HAVE_LIMITS_H 1
| #define HAVE_FLOAT_H 1
| #define HAVE_ERRNO_H 1
| #define HAVE_SYS_TIME_H 1
| #define HAVE_SYS_PARAM_H 1
| #define HAVE_SYS_STAT_H 1
| /* end confdefs.h.  */
| #include <sunmath.h>
configure:10014: result: no
configure:10014: checking for sunmath.h
configure:10014: result: no
configure:10026: checking for an ANSI C-conforming const
configure:10091: gcc -c -g -O2  conftest.c >&5
configure:10091: $? = 0
configure:10098: result: yes
configure:10106: checking for inline
configure:10122: gcc -c -g -O2  conftest.c >&5
configure:10122: $? = 0
configure:10130: result: inline
configure:10148: checking whether byte ordering is bigendian
configure:10163: gcc -c -g -O2  conftest.c >&5
conftest.c:31: error: expected '=', ',', ';', 'asm' or '__attribute__' before 'a'
configure:10163: $? = 1
configure: failed program was:
| /* confdefs.h */
| #define PACKAGE_NAME "QuickNet"
| #define PACKAGE_TARNAME "quicknet"
| #define PACKAGE_VERSION "v3_31"
| #define PACKAGE_STRING "QuickNet v3_31"
| #define PACKAGE_BUGREPORT "quicknet-bugs@ICSI.Berkeley.EDU"
| #define PACKAGE_URL ""
| #define STDC_HEADERS 1
| #define HAVE_SYS_TYPES_H 1
| #define HAVE_SYS_STAT_H 1
| #define HAVE_STDLIB_H 1
| #define HAVE_STRING_H 1
| #define HAVE_MEMORY_H 1
| #define HAVE_STRINGS_H 1
| #define HAVE_INTTYPES_H 1
| #define HAVE_STDINT_H 1
| #define HAVE_UNISTD_H 1
| #define HAVE_DLFCN_H 1
| #define HAVE_LIBM 1
| #define HAVE_LIBPTHREAD 1
| #define STDC_HEADERS 1
| #define HAVE_FCNTL_H 1
| #define HAVE_LIMITS_H 1
| #define HAVE_FLOAT_H 1
| #define HAVE_ERRNO_H 1
| #define HAVE_SYS_TIME_H 1
| #define HAVE_SYS_PARAM_H 1
| #define HAVE_SYS_STAT_H 1
| /* end confdefs.h.  */
| #ifndef __APPLE_CC__
| 	       not a universal capable compiler
| 	     #endif
| 	     typedef int dummy;
| 
configure:10208: gcc -c -g -O2  conftest.c >&5
configure:10208: $? = 0
configure:10226: gcc -c -g -O2  conftest.c >&5
conftest.c: In function 'main':
conftest.c:37: error: 'not' undeclared (first use in this function)
conftest.c:37: error: (Each undeclared identifier is reported only once
conftest.c:37: error: for each function it appears in.)
conftest.c:37: error: expected ';' before 'big'
configure:10226: $? = 1
configure: failed program was:
| /* confdefs.h */
| #define PACKAGE_NAME "QuickNet"
| #define PACKAGE_TARNAME "quicknet"
| #define PACKAGE_VERSION "v3_31"
| #define PACKAGE_STRING "QuickNet v3_31"
| #define PACKAGE_BUGREPORT "quicknet-bugs@ICSI.Berkeley.EDU"
| #define PACKAGE_URL ""
| #define STDC_HEADERS 1
| #define HAVE_SYS_TYPES_H 1
| #define HAVE_SYS_STAT_H 1
| #define HAVE_STDLIB_H 1
| #define HAVE_STRING_H 1
| #define HAVE_MEMORY_H 1
| #define HAVE_STRINGS_H 1
| #define HAVE_INTTYPES_H 1
| #define HAVE_STDINT_H 1
| #define HAVE_UNISTD_H 1
| #define HAVE_DLFCN_H 1
| #define HAVE_LIBM 1
| #define HAVE_LIBPTHREAD 1
| #define STDC_HEADERS 1
| #define HAVE_FCNTL_H 1
| #define HAVE_LIMITS_H 1
| #define HAVE_FLOAT_H 1
| #define HAVE_ERRNO_H 1
| #define HAVE_SYS_TIME_H 1
| #define HAVE_SYS_PARAM_H 1
| #define HAVE_SYS_STAT_H 1
| /* end confdefs.h.  */
| #include <sys/types.h>
| 		#include <sys/param.h>
| 
| int
| main ()
| {
| #if BYTE_ORDER != BIG_ENDIAN
| 		 not big endian
| 		#endif
| 
|   ;
|   return 0;
| }
configure:10354: result: no
configure:10372: checking for long long
configure:10372: gcc -c -g -O2  conftest.c >&5
configure:10372: $? = 0
configure:10372: gcc -c -g -O2  conftest.c >&5
conftest.c: In function 'main':
conftest.c:66: error: expected expression before ')' token
configure:10372: $? = 1
configure: failed program was:
| /* confdefs.h */
| #define PACKAGE_NAME "QuickNet"
| #define PACKAGE_TARNAME "quicknet"
| #define PACKAGE_VERSION "v3_31"
| #define PACKAGE_STRING "QuickNet v3_31"
| #define PACKAGE_BUGREPORT "quicknet-bugs@ICSI.Berkeley.EDU"
| #define PACKAGE_URL ""
| #define STDC_HEADERS 1
| #define HAVE_SYS_TYPES_H 1
| #define HAVE_SYS_STAT_H 1
| #define HAVE_STDLIB_H 1
| #define HAVE_STRING_H 1
| #define HAVE_MEMORY_H 1
| #define HAVE_STRINGS_H 1
| #define HAVE_INTTYPES_H 1
| #define HAVE_STDINT_H 1
| #define HAVE_UNISTD_H 1
| #define HAVE_DLFCN_H 1
| #define HAVE_LIBM 1
| #define HAVE_LIBPTHREAD 1
| #define STDC_HEADERS 1
| #define HAVE_FCNTL_H 1
| #define HAVE_LIMITS_H 1
| #define HAVE_FLOAT_H 1
| #define HAVE_ERRNO_H 1
| #define HAVE_SYS_TIME_H 1
| #define HAVE_SYS_PARAM_H 1
| #define HAVE_SYS_STAT_H 1
| /* end confdefs.h.  */
| #include <stdio.h>
| #ifdef HAVE_SYS_TYPES_H
| # include <sys/types.h>
| #endif
| #ifdef HAVE_SYS_STAT_H
| # include <sys/stat.h>
| #endif
| #ifdef STDC_HEADERS
| # include <stdlib.h>
| # include <stddef.h>
| #else
| # ifdef HAVE_STDLIB_H
| #  include <stdlib.h>
| # endif
| #endif
| #ifdef HAVE_STRING_H
| # if !defined STDC_HEADERS && defined HAVE_MEMORY_H
| #  include <memory.h>
| # endif
| # include <string.h>
| #endif
| #ifdef HAVE_STRINGS_H
| # include <strings.h>
| #endif
| #ifdef HAVE_INTTYPES_H
| # include <inttypes.h>
| #endif
| #ifdef HAVE_STDINT_H
| # include <stdint.h>
| #endif
| #ifdef HAVE_UNISTD_H
| # include <unistd.h>
| #endif
| int
| main ()
| {
| if (sizeof ((long long)))
| 	    return 0;
|   ;
|   return 0;
| }
configure:10372: result: yes
configure:10381: checking for unsigned long long
configure:10381: gcc -c -g -O2  conftest.c >&5
configure:10381: $? = 0
configure:10381: gcc -c -g -O2  conftest.c >&5
conftest.c: In function 'main':
conftest.c:67: error: expected expression before ')' token
configure:10381: $? = 1
configure: failed program was:
| /* confdefs.h */
| #define PACKAGE_NAME "QuickNet"
| #define PACKAGE_TARNAME "quicknet"
| #define PACKAGE_VERSION "v3_31"
| #define PACKAGE_STRING "QuickNet v3_31"
| #define PACKAGE_BUGREPORT "quicknet-bugs@ICSI.Berkeley.EDU"
| #define PACKAGE_URL ""
| #define STDC_HEADERS 1
| #define HAVE_SYS_TYPES_H 1
| #define HAVE_SYS_STAT_H 1
| #define HAVE_STDLIB_H 1
| #define HAVE_STRING_H 1
| #define HAVE_MEMORY_H 1
| #define HAVE_STRINGS_H 1
| #define HAVE_INTTYPES_H 1
| #define HAVE_STDINT_H 1
| #define HAVE_UNISTD_H 1
| #define HAVE_DLFCN_H 1
| #define HAVE_LIBM 1
| #define HAVE_LIBPTHREAD 1
| #define STDC_HEADERS 1
| #define HAVE_FCNTL_H 1
| #define HAVE_LIMITS_H 1
| #define HAVE_FLOAT_H 1
| #define HAVE_ERRNO_H 1
| #define HAVE_SYS_TIME_H 1
| #define HAVE_SYS_PARAM_H 1
| #define HAVE_SYS_STAT_H 1
| #define HAVE_LONG_LONG 1
| /* end confdefs.h.  */
| #include <stdio.h>
| #ifdef HAVE_SYS_TYPES_H
| # include <sys/types.h>
| #endif
| #ifdef HAVE_SYS_STAT_H
| # include <sys/stat.h>
| #endif
| #ifdef STDC_HEADERS
| # include <stdlib.h>
| # include <stddef.h>
| #else
| # ifdef HAVE_STDLIB_H
| #  include <stdlib.h>
| # endif
| #endif
| #ifdef HAVE_STRING_H
| # if !defined STDC_HEADERS && defined HAVE_MEMORY_H
| #  include <memory.h>
| # endif
| # include <string.h>
| #endif
| #ifdef HAVE_STRINGS_H
| # include <strings.h>
| #endif
| #ifdef HAVE_INTTYPES_H
| # include <inttypes.h>
| #endif
| #ifdef HAVE_STDINT_H
| # include <stdint.h>
| #endif
| #ifdef HAVE_UNISTD_H
| # include <unistd.h>
| #endif
| int
| main ()
| {
| if (sizeof ((unsigned long long)))
| 	    return 0;
|   ;
|   return 0;
| }
configure:10381: result: yes
configure:10395: checking size of size_t
configure:10400: gcc -o conftest -g -O2   conftest.c -lpthread -lm  >&5
configure:10400: $? = 0
configure:10400: ./conftest
configure:10400: $? = 0
configure:10414: result: 8
configure:10431: checking for special C compiler options needed for large files
configure:10476: result: no
configure:10482: checking for _FILE_OFFSET_BITS value needed for large files
configure:10507: gcc -c -g -O2  conftest.c >&5
configure:10507: $? = 0
configure:10539: result: no
configure:10626: checking for vprintf
configure:10626: gcc -o conftest -g -O2   conftest.c -lpthread -lm  >&5
conftest.c:56: warning: conflicting types for built-in function 'vprintf'
configure:10626: $? = 0
configure:10626: result: yes
configure:10632: checking for _doprnt
configure:10632: gcc -o conftest -g -O2   conftest.c -lpthread -lm  >&5
/tmp/ccqYfN2E.o: In function `main':
/scratch/tjurgens/MAP/monitoring/quicknet-v3_31/conftest.c:68: undefined reference to `_doprnt'
collect2: ld returned 1 exit status
configure:10632: $? = 1
configure: failed program was:
| /* confdefs.h */
| #define PACKAGE_NAME "QuickNet"
| #define PACKAGE_TARNAME "quicknet"
| #define PACKAGE_VERSION "v3_31"
| #define PACKAGE_STRING "QuickNet v3_31"
| #define PACKAGE_BUGREPORT "quicknet-bugs@ICSI.Berkeley.EDU"
| #define PACKAGE_URL ""
| #define STDC_HEADERS 1
| #define HAVE_SYS_TYPES_H 1
| #define HAVE_SYS_STAT_H 1
| #define HAVE_STDLIB_H 1
| #define HAVE_STRING_H 1
| #define HAVE_MEMORY_H 1
| #define HAVE_STRINGS_H 1
| #define HAVE_INTTYPES_H 1
| #define HAVE_STDINT_H 1
| #define HAVE_UNISTD_H 1
| #define HAVE_DLFCN_H 1
| #define HAVE_LIBM 1
| #define HAVE_LIBPTHREAD 1
| #define STDC_HEADERS 1
| #define HAVE_FCNTL_H 1
| #define HAVE_LIMITS_H 1
| #define HAVE_FLOAT_H 1
| #define HAVE_ERRNO_H 1
| #define HAVE_SYS_TIME_H 1
| #define HAVE_SYS_PARAM_H 1
| #define HAVE_SYS_STAT_H 1
| #define HAVE_LONG_LONG 1
| #define HAVE_UNSIGNED_LONG_LONG 1
| #define SIZEOF_SIZE_T 8
| #define HAVE_VPRINTF 1
| /* end confdefs.h.  */
| /* Define _doprnt to an innocuous variant, in case <limits.h> declares _doprnt.
|    For example, HP-UX 11i <limits.h> declares gettimeofday.  */
| #define _doprnt innocuous__doprnt
| 
| /* System header to define __stub macros and hopefully few prototypes,
|     which can conflict with char _doprnt (); below.
|     Prefer <limits.h> to <assert.h> if __STDC__ is defined, since
|     <limits.h> exists even on freestanding compilers.  */
| 
| #ifdef __STDC__
| # include <limits.h>
| #else
| # include <assert.h>
| #endif
| 
| #undef _doprnt
| 
| /* Override any GCC internal prototype to avoid an error.
|    Use char because int might match the return type of a GCC
|    builtin and then its argument prototype would still apply.  */
| #ifdef __cplusplus
| extern "C"
| #endif
| char _doprnt ();
| /* The GNU C library defines this for functions which it implements
|     to always fail with ENOSYS.  Some functions are actually named
|     something starting with __ and the normal name is an alias.  */
| #if defined __stub__doprnt || defined __stub____doprnt
| choke me
| #endif
| 
| int
| main ()
| {
| return _doprnt ();
|   ;
|   return 0;
| }
configure:10632: result: no
configure:10643: checking for _LARGEFILE_SOURCE value needed for large files
configure:10662: gcc -o conftest -g -O2   conftest.c -lpthread -lm  >&5
configure:10662: $? = 0
configure:10690: result: no
configure:10714: checking for strerror
configure:10714: gcc -o conftest -g -O2   conftest.c -lpthread -lm  >&5
configure:10714: $? = 0
configure:10714: result: yes
configure:10714: checking for strstr
configure:10714: gcc -o conftest -g -O2   conftest.c -lpthread -lm  >&5
conftest.c:59: warning: conflicting types for built-in function 'strstr'
configure:10714: $? = 0
configure:10714: result: yes
configure:10714: checking for fsetpos
configure:10714: gcc -o conftest -g -O2   conftest.c -lpthread -lm  >&5
configure:10714: $? = 0
configure:10714: result: yes
configure:10714: checking for gethostname
configure:10714: gcc -o conftest -g -O2   conftest.c -lpthread -lm  >&5
configure:10714: $? = 0
configure:10714: result: yes
configure:10714: checking for gettimeofday
configure:10714: gcc -o conftest -g -O2   conftest.c -lpthread -lm  >&5
configure:10714: $? = 0
configure:10714: result: yes
configure:10714: checking for fileno
configure:10714: gcc -o conftest -g -O2   conftest.c -lpthread -lm  >&5
configure:10714: $? = 0
configure:10714: result: yes
configure:10714: checking for isatty
configure:10714: gcc -o conftest -g -O2   conftest.c -lpthread -lm  >&5
configure:10714: $? = 0
configure:10714: result: yes
configure:10714: checking for set_new_handler
configure:10714: gcc -o conftest -g -O2   conftest.c -lpthread -lm  >&5
/tmp/ccKjIp4g.o: In function `main':
/scratch/tjurgens/MAP/monitoring/quicknet-v3_31/conftest.c:76: undefined reference to `set_new_handler'
collect2: ld returned 1 exit status
configure:10714: $? = 1
configure: failed program was:
| /* confdefs.h */
| #define PACKAGE_NAME "QuickNet"
| #define PACKAGE_TARNAME "quicknet"
| #define PACKAGE_VERSION "v3_31"
| #define PACKAGE_STRING "QuickNet v3_31"
| #define PACKAGE_BUGREPORT "quicknet-bugs@ICSI.Berkeley.EDU"
| #define PACKAGE_URL ""
| #define STDC_HEADERS 1
| #define HAVE_SYS_TYPES_H 1
| #define HAVE_SYS_STAT_H 1
| #define HAVE_STDLIB_H 1
| #define HAVE_STRING_H 1
| #define HAVE_MEMORY_H 1
| #define HAVE_STRINGS_H 1
| #define HAVE_INTTYPES_H 1
| #define HAVE_STDINT_H 1
| #define HAVE_UNISTD_H 1
| #define HAVE_DLFCN_H 1
| #define HAVE_LIBM 1
| #define HAVE_LIBPTHREAD 1
| #define STDC_HEADERS 1
| #define HAVE_FCNTL_H 1
| #define HAVE_LIMITS_H 1
| #define HAVE_FLOAT_H 1
| #define HAVE_ERRNO_H 1
| #define HAVE_SYS_TIME_H 1
| #define HAVE_SYS_PARAM_H 1
| #define HAVE_SYS_STAT_H 1
| #define HAVE_LONG_LONG 1
| #define HAVE_UNSIGNED_LONG_LONG 1
| #define SIZEOF_SIZE_T 8
| #define HAVE_VPRINTF 1
| #define HAVE_FSEEKO 1
| #define HAVE_STRERROR 1
| #define HAVE_STRSTR 1
| #define HAVE_FSETPOS 1
| #define HAVE_GETHOSTNAME 1
| #define HAVE_GETTIMEOFDAY 1
| #define HAVE_FILENO 1
| #define HAVE_ISATTY 1
| /* end confdefs.h.  */
| /* Define set_new_handler to an innocuous variant, in case <limits.h> declares set_new_handler.
|    For example, HP-UX 11i <limits.h> declares gettimeofday.  */
| #define set_new_handler innocuous_set_new_handler
| 
| /* System header to define __stub macros and hopefully few prototypes,
|     which can conflict with char set_new_handler (); below.
|     Prefer <limits.h> to <assert.h> if __STDC__ is defined, since
|     <limits.h> exists even on freestanding compilers.  */
| 
| #ifdef __STDC__
| # include <limits.h>
| #else
| # include <assert.h>
| #endif
| 
| #undef set_new_handler
| 
| /* Override any GCC internal prototype to avoid an error.
|    Use char because int might match the return type of a GCC
|    builtin and then its argument prototype would still apply.  */
| #ifdef __cplusplus
| extern "C"
| #endif
| char set_new_handler ();
| /* The GNU C library defines this for functions which it implements
|     to always fail with ENOSYS.  Some functions are actually named
|     something starting with __ and the normal name is an alias.  */
| #if defined __stub_set_new_handler || defined __stub___set_new_handler
| choke me
| #endif
| 
| int
| main ()
| {
| return set_new_handler ();
|   ;
|   return 0;
| }
configure:10714: result: no
configure:10714: checking for popen
configure:10714: gcc -o conftest -g -O2   conftest.c -lpthread -lm  >&5
configure:10714: $? = 0
configure:10714: result: yes
configure:10714: checking for sqrtf
configure:10714: gcc -o conftest -g -O2   conftest.c -lpthread -lm  >&5
conftest.c:66: warning: conflicting types for built-in function 'sqrtf'
configure:10714: $? = 0
configure:10714: result: yes
configure:10714: checking for expf
configure:10714: gcc -o conftest -g -O2   conftest.c -lpthread -lm  >&5
conftest.c:67: warning: conflicting types for built-in function 'expf'
configure:10714: $? = 0
configure:10714: result: yes
configure:10714: checking for tanhf
configure:10714: gcc -o conftest -g -O2   conftest.c -lpthread -lm  >&5
conftest.c:68: warning: conflicting types for built-in function 'tanhf'
configure:10714: $? = 0
configure:10714: result: yes
configure:10714: checking for setvbuf
configure:10714: gcc -o conftest -g -O2   conftest.c -lpthread -lm  >&5
configure:10714: $? = 0
configure:10714: result: yes
configure:10723: checking whether drand48 is declared
configure:10723: gcc -c -g -O2  conftest.c >&5
configure:10723: $? = 0
configure:10723: result: yes
configure:10733: checking whether srand48 is declared
configure:10733: gcc -c -g -O2  conftest.c >&5
configure:10733: $? = 0
configure:10733: result: yes
configure:10743: checking whether fseek is declared
configure:10743: gcc -c -g -O2  conftest.c >&5
configure:10743: $? = 0
configure:10743: result: yes
configure:10753: checking whether sys_nerr is declared
configure:10753: gcc -c -g -O2  conftest.c >&5
configure:10753: $? = 0
configure:10753: result: yes
configure:10763: checking whether sys_errlist is declared
configure:10763: gcc -c -g -O2  conftest.c >&5
configure:10763: $? = 0
configure:10763: result: yes
configure:10803: checking qn path is saved in cache
configure:10813: result: /scratch/tjurgens/MAP/monitoring/quicknet-v3_31
configure:10819: checking drspeech build lib path
configure:10826: result: 
configure:10833: checking drspeech build path
configure:10840: result: 
configure:10972: creating ./config.status

## ---------------------- ##
## Running config.status. ##
## ---------------------- ##

This file was extended by QuickNet config.status v3_31, which was
generated by GNU Autoconf 2.68.  Invocation command line was

  CONFIG_FILES    = 
  CONFIG_HEADERS  = 
  CONFIG_LINKS    = 
  CONFIG_COMMANDS = 
  $ ./config.status 

on serlx27

config.status:904: creating QN3Config.sh
config.status:904: creating Makefile
config.status:904: creating testsuite/Makefile
config.status:904: creating perfsuite/Makefile
config.status:904: creating quicknet3.pc
config.status:904: creating quicknet3-install.pc
config.status:904: creating qndo.sh
config.status:904: creating testdata_qnnorm.sh
config.status:904: creating testdata_qnstrn.sh
config.status:904: creating testdata_qnsfwd.sh
config.status:904: creating testdata_qnstrn_ps.sh
config.status:904: creating testdata_qnsfwd_ps.sh
config.status:904: creating testdata_qnmultitrn.sh
config.status:904: creating testdata_qnmultifwd.sh
config.status:904: creating config.h
config.status:1093: executing default commands

## ---------------- ##
## Cache variables. ##
## ---------------- ##

ac_cv_build=x86_64-unknown-linux-gnu
ac_cv_c_bigendian=no
ac_cv_c_compiler_gnu=yes
ac_cv_c_const=yes
ac_cv_c_inline=inline
ac_cv_cxx_compiler_gnu=yes
ac_cv_env_CCC_set=
ac_cv_env_CCC_value=
ac_cv_env_CC_set=
ac_cv_env_CC_value=
ac_cv_env_CFLAGS_set=
ac_cv_env_CFLAGS_value=
ac_cv_env_CPPFLAGS_set=
ac_cv_env_CPPFLAGS_value=
ac_cv_env_CPP_set=
ac_cv_env_CPP_value=
ac_cv_env_CXXFLAGS_set=
ac_cv_env_CXXFLAGS_value=
ac_cv_env_CXX_set=
ac_cv_env_CXX_value=
ac_cv_env_LDFLAGS_set=
ac_cv_env_LDFLAGS_value=
ac_cv_env_LD_set=
ac_cv_env_LD_value=
ac_cv_env_LIBS_set=
ac_cv_env_LIBS_value=
ac_cv_env_NVCCFLAGS_set=
ac_cv_env_NVCCFLAGS_value=
ac_cv_env_NVCC_set=
ac_cv_env_NVCC_value=
ac_cv_env_build_alias_set=
ac_cv_env_build_alias_value=
ac_cv_env_host_alias_set=
ac_cv_env_host_alias_value=
ac_cv_env_target_alias_set=
ac_cv_env_target_alias_value=
ac_cv_func__doprnt=no
ac_cv_func_expf=yes
ac_cv_func_fileno=yes
ac_cv_func_fsetpos=yes
ac_cv_func_gethostname=yes
ac_cv_func_gettimeofday=yes
ac_cv_func_isatty=yes
ac_cv_func_popen=yes
ac_cv_func_set_new_handler=no
ac_cv_func_setvbuf=yes
ac_cv_func_sqrtf=yes
ac_cv_func_strerror=yes
ac_cv_func_strstr=yes
ac_cv_func_tanhf=yes
ac_cv_func_vprintf=yes
ac_cv_have_decl_drand48=yes
ac_cv_have_decl_fseek=yes
ac_cv_have_decl_srand48=yes
ac_cv_have_decl_sys_errlist=yes
ac_cv_have_decl_sys_nerr=yes
ac_cv_header_dlfcn_h=yes
ac_cv_header_errno_h=yes
ac_cv_header_fcntl_h=yes
ac_cv_header_float_h=yes
ac_cv_header_inttypes_h=yes
ac_cv_header_limits_h=yes
ac_cv_header_memory_h=yes
ac_cv_header_stdc=yes
ac_cv_header_stdint_h=yes
ac_cv_header_stdlib_h=yes
ac_cv_header_string_h=yes
ac_cv_header_strings_h=yes
ac_cv_header_sunmath_h=no
ac_cv_header_sys_param_h=yes
ac_cv_header_sys_stat_h=yes
ac_cv_header_sys_time_h=yes
ac_cv_header_sys_types_h=yes
ac_cv_header_unistd_h=yes
ac_cv_host=x86_64-unknown-linux-gnu
ac_cv_lib_m_sqrt=yes
ac_cv_lib_pthread_pthread_create=yes
ac_cv_lib_rtst_rtst_exit=no
ac_cv_lib_sunmath_standard_arithmetic=no
ac_cv_objext=o
ac_cv_path_EGREP='/bin/grep -E'
ac_cv_path_GREP=/bin/grep
ac_cv_path_PKG_CONFIG=no
ac_cv_path_install='/usr/bin/install -c'
ac_cv_prog_CPP='gcc -E'
ac_cv_prog_ac_ct_CC=gcc
ac_cv_prog_ac_ct_CXX=g++
ac_cv_prog_ac_ct_RANLIB=ranlib
ac_cv_prog_ac_ct_STRIP=strip
ac_cv_prog_cc_c89=
ac_cv_prog_cc_g=yes
ac_cv_prog_cxx_g=yes
ac_cv_rtst=NONE/lib
ac_cv_sizeof_size_t=8
ac_cv_sys_file_offset_bits=no
ac_cv_sys_largefile_CC=no
ac_cv_sys_largefile_source=no
ac_cv_target=x86_64-unknown-linux-gnu
ac_cv_testdata=NONE/share/quicknet_testdata
ac_cv_type_long_long=yes
ac_cv_type_unsigned_long_long=yes
ac_cv_use_blas=no
ac_cv_use_veclib=no
acdpwe_cv_env_lib_path='/scratch/tjurgens/MAP/monitoring/quicknet-v3_31 '
acdpwe_cv_env_path='/scratch/tjurgens/MAP/monitoring/quicknet-v3_31 '
acdpwe_cv_path_qn=/scratch/tjurgens/MAP/monitoring/quicknet-v3_31
lt_cv_compiler_c_o=yes
lt_cv_compiler_o_lo=yes
lt_cv_deplibs_check_method=pass_all
lt_cv_file_magic_cmd='$MAGIC_CMD'
lt_cv_file_magic_test_file='/lib/libc.so.6 /lib/libc-2.11.2.so'
lt_cv_global_symbol_to_c_name_address='sed -n -e '\''s/^: \([^ ]*\) $/  {\"\1\", (lt_ptr) 0},/p'\'' -e '\''s/^[BCDEGRST] \([^ ]*\) \([^ ]*\)$/  {"\2", (lt_ptr) \&\2},/p'\'''
lt_cv_global_symbol_to_cdecl='sed -n -e '\''s/^. .* \(.*\)$/extern char \1;/p'\'''
lt_cv_ld_reload_flag=-r
lt_cv_path_LD='${CXX}'
lt_cv_path_NM='/usr/bin/nm -B'
lt_cv_path_SED=/bin/sed
lt_cv_prog_cc_can_build_shared=yes
lt_cv_prog_cc_no_builtin=
lt_cv_prog_cc_pic=' -fPIC'
lt_cv_prog_cc_pic_works=yes
lt_cv_prog_cc_shlib=
lt_cv_prog_cc_static=-static
lt_cv_prog_cc_static_works=yes
lt_cv_prog_cc_wl=-Wl,
lt_cv_prog_gnu_ld=no
lt_cv_sys_global_symbol_pipe='sed -n -e '\''s/^.*[ 	]\([ABCDGISTW][ABCDGISTW]*\)[ 	][ 	]*\(\)\([_A-Za-z][_A-Za-z0-9]*\)$/\1 \2\3 \3/p'\'''

## ----------------- ##
## Output variables. ##
## ----------------- ##

CC='gcc'
CFLAGS='-g -O2'
CPP='gcc -E'
CPPFLAGS=''
CXX='g++'
CXXFLAGS='-g -O2'
DEFS='-DHAVE_CONFIG_H'
ECHO='echo'
ECHO_C=''
ECHO_N='-n'
ECHO_T=''
EGREP='/bin/grep -E'
EXEEXT=''
GREP='/bin/grep'
INCS=''
INSTALL_DATA='${INSTALL} -m 644'
INSTALL_PROGRAM='${INSTALL}'
INSTALL_SCRIPT='${INSTALL}'
LD='${CXX}'
LDFLAGS=''
LIBOBJS=''
LIBS='-lpthread -lm '
LIBTOOL='$(SHELL) $(top_builddir)/libtool'
LN_S='ln -s'
LTLIBOBJS=''
NVCC=''
NVCCFLAGS=''
NVCCPATH=''
OBJEXT='o'
PACKAGE_BUGREPORT='quicknet-bugs@ICSI.Berkeley.EDU'
PACKAGE_NAME='QuickNet'
PACKAGE_STRING='QuickNet v3_31'
PACKAGE_TARNAME='quicknet'
PACKAGE_URL=''
PACKAGE_VERSION='v3_31'
PATH_SEPARATOR=':'
PKG_CONFIG='no'
QN_BUILDDIR='/scratch/tjurgens/MAP/monitoring/quicknet-v3_31'
QN_BUILD_INC_SPEC='-I/scratch/tjurgens/MAP/monitoring/quicknet-v3_31 -I/scratch/tjurgens/MAP/monitoring/quicknet-v3_31'
QN_BUILD_LIB_SPEC='-L/scratch/tjurgens/MAP/monitoring/quicknet-v3_31 -lquicknet3 -lpthread -lm '
QN_INSTALL_INC_SPEC='-I${exec_prefix}/include/quicknet3'
QN_INSTALL_LIB_SPEC='-L${libdir} -lquicknet3 -lpthread -lm '
QN_SRCDIR='/scratch/tjurgens/MAP/monitoring/quicknet-v3_31'
RANLIB='ranlib'
RTST_CFLAGS=''
RTST_LIBS=''
SHELL='/bin/bash'
STRIP='strip'
ac_ct_CC='gcc'
ac_ct_CXX='g++'
all_libs=' $(all_stlibs)'
bindir='${exec_prefix}/bin'
build='x86_64-unknown-linux-gnu'
build_alias=''
build_cpu='x86_64'
build_os='linux-gnu'
build_vendor='unknown'
datadir='${datarootdir}'
datarootdir='${prefix}/share'
default_mlp3_blas='false'
docdir='${datarootdir}/doc/${PACKAGE_TARNAME}'
dvidir='${docdir}'
exec_prefix='${prefix}'
have_librtst='no'
host='x86_64-unknown-linux-gnu'
host_alias=''
host_cpu='x86_64'
host_os='linux-gnu'
host_vendor='unknown'
htmldir='${docdir}'
includedir='${prefix}/include'
infodir='${datarootdir}/info'
libdir='${exec_prefix}/lib'
libexecdir='${exec_prefix}/libexec'
localedir='${datarootdir}/locale'
localstatedir='${prefix}/var'
mandir='${datarootdir}/man'
oldincludedir='/usr/include'
pdfdir='${docdir}'
prefix='/usr/local'
program_transform_name='s,x,x,'
psdir='${docdir}'
qnlib_opt_objs=''
sbindir='${exec_prefix}/sbin'
sharedstatedir='${prefix}/com'
sysconfdir='${prefix}/etc'
target='x86_64-unknown-linux-gnu'
target_alias=''
target_cpu='x86_64'
target_os='linux-gnu'
target_vendor='unknown'
testdata_dir='NONE/share/quicknet_testdata'

## ----------- ##
## confdefs.h. ##
## ----------- ##

/* confdefs.h */
#define PACKAGE_NAME "QuickNet"
#define PACKAGE_TARNAME "quicknet"
#define PACKAGE_VERSION "v3_31"
#define PACKAGE_STRING "QuickNet v3_31"
#define PACKAGE_BUGREPORT "quicknet-bugs@ICSI.Berkeley.EDU"
#define PACKAGE_URL ""
#define STDC_HEADERS 1
#define HAVE_SYS_TYPES_H 1
#define HAVE_SYS_STAT_H 1
#define HAVE_STDLIB_H 1
#define HAVE_STRING_H 1
#define HAVE_MEMORY_H 1
#define HAVE_STRINGS_H 1
#define HAVE_INTTYPES_H 1
#define HAVE_STDINT_H 1
#define HAVE_UNISTD_H 1
#define HAVE_DLFCN_H 1
#define HAVE_LIBM 1
#define HAVE_LIBPTHREAD 1
#define STDC_HEADERS 1
#define HAVE_FCNTL_H 1
#define HAVE_LIMITS_H 1
#define HAVE_FLOAT_H 1
#define HAVE_ERRNO_H 1
#define HAVE_SYS_TIME_H 1
#define HAVE_SYS_PARAM_H 1
#define HAVE_SYS_STAT_H 1
#define HAVE_LONG_LONG 1
#define HAVE_UNSIGNED_LONG_LONG 1
#define SIZEOF_SIZE_T 8
#define HAVE_VPRINTF 1
#define HAVE_FSEEKO 1
#define HAVE_STRERROR 1
#define HAVE_STRSTR 1
#define HAVE_FSETPOS 1
#define HAVE_GETHOSTNAME 1
#define HAVE_GETTIMEOFDAY 1
#define HAVE_FILENO 1
#define HAVE_ISATTY 1
#define HAVE_POPEN 1
#define HAVE_SQRTF 1
#define HAVE_EXPF 1
#define HAVE_TANHF 1
#define HAVE_SETVBUF 1
#define HAVE_DECL_DRAND48 1
#define HAVE_DECL_SRAND48 1
#define HAVE_DECL_FSEEK 1
#define HAVE_DECL_SYS_NERR 1
#define HAVE_DECL_SYS_ERRLIST 1

configure: exit 0
