Time Stamp: 2009 9 17 15 22 33.5273


Speech Level: 35 dB
Noise Level: nobackgroundnoise 


Audiogram data: 0  0  0  0  0  0  0  0  0  0  0 
Audiogram Freqs: default
Subject ID: 
Additional subject specific parameters: 
Flag "Hearing Impairment": []



Number of repetitions: 1
Working directory path: /net/medisan/home/tim/pemotesttemplateLPC/daten/identicalrunninglorentz1/S02M_NO/
Chance number to check status of rand: 0.4810
Chance number to check status of randn: -1.0870
Choice of the recognized response alternative: Least distance
Speech Recognizer: DTW
Perceptual Distance Measure: Lorentzian


Auditory Model: PeMo
Perception Model Details:
Time Stamp: 2009 9 17 15 25 39.8271


Speech Level: 35 dB
Noise Level: nobackgroundnoise 


Audiogram data: 0  0  0  0  0  0  0  0  0  0  0 
Audiogram Freqs: default
Subject ID: 
Additional subject specific parameters: 
Flag "Hearing Impairment": []



Number of repetitions: 1
Working directory path: /net/medisan/home/tim/pemotesttemplateLPC/daten/identicalrunninglorentz1/S02M_NO/
Chance number to check status of rand: 0.2703
Chance number to check status of randn: -0.7433
Choice of the recognized response alternative: Least distance
Speech Recognizer: DTW
Perceptual Distance Measure: Lorentzian


Auditory Model: PeMo
Perception Model Details:
Time Stamp: 2009 9 17 15 29 11.0728


Speech Level: 35 dB
Noise Level: nobackgroundnoise 


Audiogram data: 0  0  0  0  0  0  0  0  0  0  0 
Audiogram Freqs: default
Subject ID: 
Additional subject specific parameters: 
Flag "Hearing Impairment": []



Number of repetitions: 1
Working directory path: /net/medisan/home/tim/pemotesttemplateLPC/daten/identicalrunninglorentz1/S02M_NO/
Chance number to check status of rand: 0.0984
Chance number to check status of randn: -1.5277
Choice of the recognized response alternative: Least distance
Speech Recognizer: DTW
Perceptual Distance Measure: Lorentzian


Auditory Model: PeMo
Perception Model Details:
Time Stamp: 2009 9 17 15 40 46.0131


Speech Level: 35 dB
Noise Level: nobackgroundnoise 


Audiogram data: 0  0  0  0  0  0  0  0  0  0  0 
Audiogram Freqs: default
Subject ID: 
Additional subject specific parameters: 
Flag "Hearing Impairment": []



Number of repetitions: 1
Working directory path: /net/medisan/home/tim/pemotesttemplateLPC/daten/identicalrunninglorentz1/S02M_NO/
Chance number to check status of rand: 0.0148
Chance number to check status of randn: 0.1785
Choice of the recognized response alternative: Least distance
Speech Recognizer: DTW
Perceptual Distance Measure: Lorentzian


Auditory Model: PeMo
Perception Model Details:
Time Stamp: 2009 9 17 15 46 52.4552


Speech Level: 35 dB
Noise Level: nobackgroundnoise 


Audiogram data: 0  0  0  0  0  0  0  0  0  0  0 
Audiogram Freqs: default
Subject ID: 
Additional subject specific parameters: 
Flag "Hearing Impairment": []



Number of repetitions: 1
Working directory path: /net/medisan/home/tim/pemotesttemplateLPC/daten/identicalrunninglorentz1/S02M_NO/
Chance number to check status of rand: 0.6373
Chance number to check status of randn: 0.1075
Choice of the recognized response alternative: Least distance
Speech Recognizer: DTW
Perceptual Distance Measure: Lorentzian


Auditory Model: PeMo
Perception Model Details:
Time Stamp: 2009 9 17 15 50 25.7556


Speech Level: 35 dB
Noise Level: nobackgroundnoise 


Audiogram data: 0  0  0  0  0  0  0  0  0  0  0 
Audiogram Freqs: default
Subject ID: 
Additional subject specific parameters: 
Flag "Hearing Impairment": []



Number of repetitions: 1
Working directory path: /net/medisan/home/tim/pemotesttemplateLPC/daten/identicalrunninglorentz1/S02M_NO/
Chance number to check status of rand: 0.3403
Chance number to check status of randn: -0.1713
Choice of the recognized response alternative: Least distance
Speech Recognizer: DTW
Perceptual Distance Measure: Lorentzian


Auditory Model: PeMo
Perception Model Details:
Time Stamp: 2009 9 17 15 54 55.2141


Speech Level: 35 dB
Noise Level: nobackgroundnoise 


Audiogram data: 0  0  0  0  0  0  0  0  0  0  0 
Audiogram Freqs: default
Subject ID: 
Additional subject specific parameters: 
Flag "Hearing Impairment": []



Number of repetitions: 1
Working directory path: /net/medisan/home/tim/pemotesttemplateLPC/daten/identicalrunninglorentz1/S02M_NO/
Chance number to check status of rand: 0.1033
Chance number to check status of randn: -1.2858
Choice of the recognized response alternative: Least distance
Speech Recognizer: DTW
Perceptual Distance Measure: Lorentzian


Auditory Model: PeMo
Perception Model Details:
Time Stamp: 2009 9 17 15 57 43.7712


Speech Level: 35 dB
Noise Level: nobackgroundnoise 


Audiogram data: 0  0  0  0  0  0  0  0  0  0  0 
Audiogram Freqs: default
Subject ID: 
Additional subject specific parameters: 
Flag "Hearing Impairment": []



Number of repetitions: 1
Working directory path: /net/medisan/home/tim/pemotesttemplateLPC/daten/identicalrunninglorentz1/S02M_NO/
Chance number to check status of rand: 0.9083
Chance number to check status of randn: 0.6631
Choice of the recognized response alternative: Least distance
Speech Recognizer: DTW
Perceptual Distance Measure: Lorentzian


Auditory Model: PeMo
Perception Model Details:
Time Stamp: 2009 9 17 16 5 11.3166


Speech Level: 35 dB
Noise Level: nobackgroundnoise 


Audiogram data: 0  0  0  0  0  0  0  0  0  0  0 
Audiogram Freqs: default
Subject ID: 
Additional subject specific parameters: 
Flag "Hearing Impairment": []



Number of repetitions: 1
Working directory path: /net/medisan/home/tim/pemotesttemplateLPC/daten/identicalrunninglorentz1/S02M_NO/
Chance number to check status of rand: 0.1782
Chance number to check status of randn: -0.0902
Choice of the recognized response alternative: Least distance
Speech Recognizer: DTW
Perceptual Distance Measure: Lorentzian


Auditory Model: PeMo
Perception Model Details:
